2026-03-30 10:24:16,885 - INFO - logger - Initializing system components...
2026-03-30 10:24:16,972 - INFO - logger - FaceDetector initialized successfully
2026-03-30 10:24:32,006 - INFO - logger - Camera initialized: 640x480
2026-03-30 10:24:32,007 - INFO - logger - System initialized successfully
2026-03-30 10:24:32,007 - INFO - logger - Starting main detection loop
2026-03-30 10:24:32,007 - INFO - logger - Press 'Q' to quit
2026-03-30 10:24:32,790 - DEBUG - logger - Fatigue: 0% | State: NORMAL | Alarm: INACTIVE
2026-03-30 10:24:37,803 - DEBUG - logger - Fatigue: 0% | State: NORMAL | Alarm: INACTIVE
2026-03-30 10:24:42,826 - DEBUG - logger - Fatigue: 0% | State: NORMAL | Alarm: INACTIVE
2026-03-30 10:24:47,851 - DEBUG - logger - Fatigue: 0% | State: NORMAL | Alarm: INACTIVE
2026-03-30 10:24:52,861 - DEBUG - logger - Fatigue: 0% | State: NORMAL | Alarm: INACTIVE
2026-03-30 10:24:57,881 - DEBUG - logger - Fatigue: 0% | State: NORMAL | Alarm: INACTIVE
2026-03-30 10:25:02,885 - DEBUG - logger - Fatigue: 0% | State: NORMAL | Alarm: INACTIVE
2026-03-30 10:25:07,900 - DEBUG - logger - Fatigue: 0% | State: NORMAL | Alarm: INACTIVE
2026-03-30 10:25:12,936 - DEBUG - logger - Fatigue: 0% | State: NORMAL | Alarm: INACTIVE
2026-03-30 10:25:17,965 - DEBUG - logger - Fatigue: 0% | State: NORMAL | Alarm: INACTIVE
2026-03-30 10:25:21,611 - INFO - logger - State changed: NORMAL -> FATIGUE
2026-03-30 10:25:21,690 - DEBUG - logger - Eyes closed confirmed - EAR: 0.150, Frames: 20
2026-03-30 10:25:21,881 - DEBUG - logger - Eyes closed confirmed - EAR: 0.208, Frames: 20
2026-03-30 10:25:21,881 - INFO - logger - State changed: FATIGUE -> ALERT
2026-03-30 10:25:21,882 - INFO - logger - Persistent alarm activated
2026-03-30 10:25:22,986 - DEBUG - logger - Fatigue: 53% | State: ALERT | Alarm: ACTIVE
2026-03-30 10:25:23,318 - INFO - logger - State changed: ALERT -> FATIGUE
2026-03-30 10:25:24,392 - INFO - logger - State changed: FATIGUE -> NORMAL
2026-03-30 10:25:25,867 - INFO - logger - Alarm stopped - Driver returned to normal state
2026-03-30 10:25:26,110 - INFO - logger - Persistent alarm deactivated
2026-03-30 10:25:27,725 - WARNING - logger - Dangerous posture detected: CONDUCTEUR TROP LOIN
2026-03-30 10:25:28,026 - DEBUG - logger - Fatigue: 0% | State: NORMAL | Alarm: INACTIVE
2026-03-30 10:25:33,050 - DEBUG - logger - Fatigue: 0% | State: NORMAL | Alarm: INACTIVE
2026-03-30 10:25:38,072 - DEBUG - logger - Fatigue: 0% | State: NORMAL | Alarm: INACTIVE
2026-03-30 10:25:41,192 - INFO - logger - State changed: NORMAL -> FATIGUE
2026-03-30 10:25:41,257 - DEBUG - logger - Eyes closed confirmed - EAR: 0.163, Frames: 20
2026-03-30 10:25:41,465 - INFO - logger - State changed: FATIGUE -> ALERT
2026-03-30 10:25:41,466 - INFO - logger - Persistent alarm activated
2026-03-30 10:25:41,592 - DEBUG - logger - Eyes closed confirmed - EAR: 0.180, Frames: 30
2026-03-30 10:25:42,731 - WARNING - logger - Dangerous posture detected: CONDUCTEUR TROP LOIN
2026-03-30 10:25:43,100 - DEBUG - logger - Fatigue: 100% | State: ALERT | Alarm: ACTIVE
2026-03-30 10:25:43,146 - WARNING - logger - Dangerous posture detected: CONDUCTEUR TROP DECENTRE
2026-03-30 10:25:43,464 - WARNING - logger - Dangerous posture detected: CONDUCTEUR TROP LOIN
2026-03-30 10:25:44,778 - WARNING - logger - Dangerous posture detected: CONDUCTEUR TROP DECENTRE
2026-03-30 10:25:45,147 - WARNING - logger - Dangerous posture detected: CONDUCTEUR TROP LOIN
2026-03-30 10:25:48,136 - DEBUG - logger - Fatigue: 100% | State: ALERT | Alarm: ACTIVE
2026-03-30 10:25:53,163 - DEBUG - logger - Fatigue: 100% | State: ALERT | Alarm: ACTIVE
2026-03-30 10:25:58,184 - DEBUG - logger - Fatigue: 100% | State: ALERT | Alarm: ACTIVE
2026-03-30 10:26:00,969 - WARNING - logger - Dangerous posture detected: CONDUCTEUR TROP DECENTRE
2026-03-30 10:26:03,226 - DEBUG - logger - Fatigue: 100% | State: ALERT | Alarm: ACTIVE
2026-03-30 10:26:04,827 - WARNING - logger - Dangerous posture detected: CONDUCTEUR TROP LOIN
2026-03-30 10:26:08,248 - DEBUG - logger - Fatigue: 100% | State: ALERT | Alarm: ACTIVE
2026-03-30 10:26:13,274 - DEBUG - logger - Fatigue: 100% | State: ALERT | Alarm: ACTIVE
2026-03-30 10:26:16,666 - INFO - logger - State changed: ALERT -> FATIGUE
2026-03-30 10:26:17,738 - INFO - logger - State changed: FATIGUE -> NORMAL
2026-03-30 10:26:18,297 - DEBUG - logger - Fatigue: 6% | State: NORMAL | Alarm: ACTIVE
2026-03-30 10:26:19,176 - INFO - logger - Alarm stopped - Driver returned to normal state
2026-03-30 10:26:19,483 - INFO - logger - Persistent alarm deactivated
2026-03-30 10:26:23,340 - DEBUG - logger - Fatigue: 0% | State: NORMAL | Alarm: INACTIVE
2026-03-30 10:26:25,868 - WARNING - logger - Dangerous posture detected: CONDUCTEUR TROP LOIN
2026-03-30 10:26:26,165 - INFO - logger - State changed: NORMAL -> FATIGUE
2026-03-30 10:26:26,596 - INFO - logger - State changed: FATIGUE -> ALERT
2026-03-30 10:26:26,598 - INFO - logger - Persistent alarm activated
2026-03-30 10:26:28,358 - DEBUG - logger - Fatigue: 100% | State: ALERT | Alarm: ACTIVE
2026-03-30 10:26:32,070 - INFO - logger - State changed: ALERT -> FATIGUE
2026-03-30 10:26:32,968 - WARNING - logger - Dangerous posture detected: CONDUCTEUR TROP LOIN
2026-03-30 10:26:33,271 - INFO - logger - State changed: FATIGUE -> ALERT
2026-03-30 10:26:33,369 - DEBUG - logger - Fatigue: 51% | State: ALERT | Alarm: ACTIVE
2026-03-30 10:26:38,374 - DEBUG - logger - Fatigue: 70% | State: ALERT | Alarm: ACTIVE
2026-03-30 10:26:39,444 - INFO - logger - State changed: ALERT -> FATIGUE
2026-03-30 10:26:40,518 - INFO - logger - State changed: FATIGUE -> NORMAL
2026-03-30 10:26:41,993 - INFO - logger - Alarm stopped - Driver returned to normal state
2026-03-30 10:26:42,101 - INFO - logger - Persistent alarm deactivated
2026-03-30 10:26:43,399 - DEBUG - logger - Fatigue: 0% | State: NORMAL | Alarm: INACTIVE
2026-03-30 10:26:48,423 - DEBUG - logger - Fatigue: 0% | State: NORMAL | Alarm: INACTIVE
2026-03-30 10:26:53,444 - DEBUG - logger - Fatigue: 0% | State: NORMAL | Alarm: INACTIVE
2026-03-30 10:26:55,636 - WARNING - logger - Dangerous posture detected: CONDUCTEUR HORS CADRE
2026-03-30 10:26:55,883 - INFO - logger - State changed: NORMAL -> FATIGUE
2026-03-30 10:26:56,212 - INFO - logger - State changed: FATIGUE -> ALERT
2026-03-30 10:26:56,213 - INFO - logger - Persistent alarm activated
2026-03-30 10:26:58,470 - DEBUG - logger - Fatigue: 89% | State: ALERT | Alarm: ACTIVE
2026-03-30 10:27:00,313 - INFO - logger - State changed: ALERT -> FATIGUE
2026-03-30 10:27:01,381 - INFO - logger - State changed: FATIGUE -> NORMAL
2026-03-30 10:27:02,854 - INFO - logger - Alarm stopped - Driver returned to normal state
2026-03-30 10:27:03,115 - INFO - logger - Persistent alarm deactivated
2026-03-30 10:27:03,483 - DEBUG - logger - Fatigue: 0% | State: NORMAL | Alarm: INACTIVE
2026-03-30 10:27:08,483 - DEBUG - logger - Fatigue: 0% | State: NORMAL | Alarm: INACTIVE
2026-03-30 10:27:09,744 - WARNING - logger - Dangerous posture detected: CONDUCTEUR HORS CADRE
2026-03-30 10:27:09,986 - INFO - logger - State changed: NORMAL -> FATIGUE
2026-03-30 10:27:10,322 - INFO - logger - State changed: FATIGUE -> ALERT
2026-03-30 10:27:10,324 - INFO - logger - Persistent alarm activated
2026-03-30 10:27:10,614 - INFO - logger - State changed: ALERT -> FATIGUE
2026-03-30 10:27:11,656 - INFO - logger - State changed: FATIGUE -> NORMAL
2026-03-30 10:27:13,106 - INFO - logger - Alarm stopped - Driver returned to normal state
2026-03-30 10:27:13,144 - INFO - logger - Persistent alarm deactivated
2026-03-30 10:27:13,506 - DEBUG - logger - Fatigue: 0% | State: NORMAL | Alarm: INACTIVE
2026-03-30 10:27:18,533 - WARNING - logger - Dangerous posture detected: VISAGE TOURNE A DROITE
2026-03-30 10:27:18,534 - DEBUG - logger - Fatigue: 2% | State: NORMAL | Alarm: INACTIVE
2026-03-30 10:27:23,558 - DEBUG - logger - Fatigue: 0% | State: NORMAL | Alarm: INACTIVE
2026-03-30 10:27:28,482 - WARNING - logger - Dangerous posture detected: CONDUCTEUR HORS CADRE
2026-03-30 10:27:28,580 - DEBUG - logger - Fatigue: 10% | State: NORMAL | Alarm: INACTIVE
2026-03-30 10:27:28,722 - INFO - logger - State changed: NORMAL -> FATIGUE
2026-03-30 10:27:29,043 - INFO - logger - State changed: FATIGUE -> ALERT
2026-03-30 10:27:29,045 - INFO - logger - Persistent alarm activated
2026-03-30 10:27:33,585 - DEBUG - logger - Fatigue: 100% | State: ALERT | Alarm: ACTIVE
2026-03-30 10:27:38,595 - DEBUG - logger - Fatigue: 100% | State: ALERT | Alarm: ACTIVE
2026-03-30 10:27:43,617 - DEBUG - logger - Fatigue: 100% | State: ALERT | Alarm: ACTIVE
2026-03-30 10:27:47,306 - INFO - logger - State changed: ALERT -> FATIGUE
2026-03-30 10:27:48,343 - INFO - logger - State changed: FATIGUE -> NORMAL
2026-03-30 10:27:48,632 - DEBUG - logger - Fatigue: 13% | State: NORMAL | Alarm: ACTIVE
2026-03-30 10:27:49,832 - INFO - logger - Alarm stopped - Driver returned to normal state
2026-03-30 10:27:50,178 - INFO - logger - Persistent alarm deactivated
2026-03-30 10:27:53,638 - DEBUG - logger - Fatigue: 0% | State: NORMAL | Alarm: INACTIVE
2026-03-30 10:27:58,656 - DEBUG - logger - Fatigue: 0% | State: NORMAL | Alarm: INACTIVE
2026-03-30 10:27:58,668 - WARNING - logger - Dangerous posture detected: CONDUCTEUR HORS CADRE
2026-03-30 10:27:58,931 - INFO - logger - State changed: NORMAL -> FATIGUE
2026-03-30 10:27:59,233 - INFO - logger - State changed: FATIGUE -> ALERT
2026-03-30 10:27:59,234 - INFO - logger - Persistent alarm activated
2026-03-30 10:28:02,519 - INFO - logger - State changed: ALERT -> FATIGUE
2026-03-30 10:28:03,591 - INFO - logger - State changed: FATIGUE -> NORMAL
2026-03-30 10:28:03,709 - DEBUG - logger - Fatigue: 17% | State: NORMAL | Alarm: ACTIVE
2026-03-30 10:28:05,052 - INFO - logger - Alarm stopped - Driver returned to normal state
2026-03-30 10:28:05,425 - INFO - logger - Persistent alarm deactivated
2026-03-30 10:28:05,543 - WARNING - logger - Dangerous posture detected: CONDUCTEUR TROP LOIN
2026-03-30 10:28:05,846 - INFO - logger - State changed: NORMAL -> FATIGUE
2026-03-30 10:28:06,282 - INFO - logger - State changed: FATIGUE -> ALERT
2026-03-30 10:28:06,284 - INFO - logger - Persistent alarm activated
2026-03-30 10:28:08,727 - DEBUG - logger - Fatigue: 91% | State: ALERT | Alarm: ACTIVE
2026-03-30 10:28:10,647 - INFO - logger - State changed: ALERT -> FATIGUE
2026-03-30 10:28:11,708 - INFO - logger - State changed: FATIGUE -> NORMAL
2026-03-30 10:28:13,191 - INFO - logger - Alarm stopped - Driver returned to normal state
2026-03-30 10:28:13,333 - INFO - logger - Persistent alarm deactivated
2026-03-30 10:28:13,749 - DEBUG - logger - Fatigue: 0% | State: NORMAL | Alarm: INACTIVE
2026-03-30 10:28:18,792 - DEBUG - logger - Fatigue: 0% | State: NORMAL | Alarm: INACTIVE
2026-03-30 10:28:23,813 - DEBUG - logger - Fatigue: 0% | State: NORMAL | Alarm: INACTIVE
2026-03-30 10:28:26,391 - WARNING - logger - Dangerous posture detected: CONDUCTEUR TROP LOIN
2026-03-30 10:28:26,694 - INFO - logger - State changed: NORMAL -> FATIGUE
2026-03-30 10:28:27,124 - INFO - logger - State changed: FATIGUE -> ALERT
2026-03-30 10:28:27,125 - INFO - logger - Persistent alarm activated
2026-03-30 10:28:28,840 - DEBUG - logger - Fatigue: 100% | State: ALERT | Alarm: ACTIVE
2026-03-30 10:28:33,862 - DEBUG - logger - Fatigue: 100% | State: ALERT | Alarm: ACTIVE
2026-03-30 10:28:38,900 - DEBUG - logger - Fatigue: 100% | State: ALERT | Alarm: ACTIVE
2026-03-30 10:28:43,927 - DEBUG - logger - Fatigue: 100% | State: ALERT | Alarm: ACTIVE
2026-03-30 10:28:46,540 - INFO - logger - State changed: ALERT -> FATIGUE
2026-03-30 10:28:47,577 - INFO - logger - State changed: FATIGUE -> NORMAL
2026-03-30 10:28:48,950 - DEBUG - logger - Fatigue: 0% | State: NORMAL | Alarm: ACTIVE
2026-03-30 10:28:49,063 - INFO - logger - Alarm stopped - Driver returned to normal state
2026-03-30 10:28:49,369 - INFO - logger - Persistent alarm deactivated
2026-03-30 10:28:53,960 - DEBUG - logger - Fatigue: 0% | State: NORMAL | Alarm: INACTIVE
2026-03-30 10:28:58,982 - DEBUG - logger - Fatigue: 0% | State: NORMAL | Alarm: INACTIVE
2026-03-30 10:29:00,672 - WARNING - logger - Dangerous posture detected: CONDUCTEUR TROP LOIN
2026-03-30 10:29:00,947 - INFO - logger - State changed: NORMAL -> FATIGUE
2026-03-30 10:29:01,397 - INFO - logger - State changed: FATIGUE -> ALERT
2026-03-30 10:29:01,398 - INFO - logger - Persistent alarm activated
2026-03-30 10:29:04,011 - DEBUG - logger - Fatigue: 100% | State: ALERT | Alarm: ACTIVE
2026-03-30 10:29:07,828 - WARNING - logger - Dangerous posture detected: CONDUCTEUR TROP DECENTRE
2026-03-30 10:29:08,198 - WARNING - logger - Dangerous posture detected: CONDUCTEUR TROP LOIN
2026-03-30 10:29:09,028 - DEBUG - logger - Fatigue: 100% | State: ALERT | Alarm: ACTIVE
2026-03-30 10:29:13,955 - WARNING - logger - Dangerous posture detected: VISAGE TOURNE A GAUCHE
2026-03-30 10:29:14,040 - DEBUG - logger - Fatigue: 100% | State: ALERT | Alarm: ACTIVE
2026-03-30 10:29:14,667 - WARNING - logger - Dangerous posture detected: VISAGE TOURNE A GAUCHE
2026-03-30 10:29:15,181 - WARNING - logger - Dangerous posture detected: VISAGE TOURNE A GAUCHE
2026-03-30 10:29:16,414 - WARNING - logger - Dangerous posture detected: CONDUCTEUR TROP DECENTRE
2026-03-30 10:29:16,842 - WARNING - logger - Dangerous posture detected: VISAGE TOURNE A GAUCHE
2026-03-30 10:29:19,047 - DEBUG - logger - Fatigue: 100% | State: ALERT | Alarm: ACTIVE
2026-03-30 10:29:21,543 - INFO - logger - State changed: ALERT -> FATIGUE
2026-03-30 10:29:22,616 - INFO - logger - State changed: FATIGUE -> NORMAL
2026-03-30 10:29:24,060 - DEBUG - logger - Fatigue: 0% | State: NORMAL | Alarm: ACTIVE
2026-03-30 10:29:24,090 - INFO - logger - Alarm stopped - Driver returned to normal state
2026-03-30 10:29:24,492 - INFO - logger - Persistent alarm deactivated
2026-03-30 10:29:29,083 - DEBUG - logger - Fatigue: 0% | State: NORMAL | Alarm: INACTIVE
2026-03-30 10:29:34,104 - DEBUG - logger - Fatigue: 0% | State: NORMAL | Alarm: INACTIVE
2026-03-30 10:29:39,109 - DEBUG - logger - Fatigue: 0% | State: NORMAL | Alarm: INACTIVE
2026-03-30 10:29:44,135 - DEBUG - logger - Fatigue: 0% | State: NORMAL | Alarm: INACTIVE
2026-03-30 10:29:49,159 - DEBUG - logger - Fatigue: 0% | State: NORMAL | Alarm: INACTIVE
2026-03-30 10:29:52,435 - WARNING - logger - Dangerous posture detected: CONDUCTEUR HORS CADRE
2026-03-30 10:29:52,678 - INFO - logger - State changed: NORMAL -> FATIGUE
2026-03-30 10:29:53,009 - INFO - logger - State changed: FATIGUE -> ALERT
2026-03-30 10:29:53,010 - INFO - logger - Persistent alarm activated
2026-03-30 10:29:54,181 - DEBUG - logger - Fatigue: 95% | State: ALERT | Alarm: ACTIVE
2026-03-30 10:29:56,278 - INFO - logger - State changed: ALERT -> FATIGUE
2026-03-30 10:29:57,351 - INFO - logger - State changed: FATIGUE -> NORMAL
2026-03-30 10:29:58,805 - INFO - logger - Alarm stopped - Driver returned to normal state
2026-03-30 10:29:59,209 - INFO - logger - Persistent alarm deactivated
2026-03-30 10:29:59,224 - DEBUG - logger - Fatigue: 0% | State: NORMAL | Alarm: INACTIVE
2026-03-30 10:30:04,245 - DEBUG - logger - Fatigue: 0% | State: NORMAL | Alarm: INACTIVE
2026-03-30 10:30:09,281 - DEBUG - logger - Fatigue: 0% | State: NORMAL | Alarm: INACTIVE
2026-03-30 10:30:10,971 - INFO - logger - Received interrupt signal
2026-03-30 10:30:10,992 - INFO - logger - Shutting down system...
2026-03-30 10:30:11,429 - INFO - logger - System shutdown complete
2026-03-30 11:06:01,996 - INFO - logger - Initializing system components...
2026-03-30 11:06:02,010 - INFO - logger - FaceDetector initialized successfully
2026-03-30 11:06:10,954 - INFO - logger - Camera initialized: 640x480
2026-03-30 11:06:10,954 - INFO - logger - System initialized successfully
2026-03-30 11:06:10,954 - INFO - logger - Starting main detection loop
2026-03-30 11:06:10,954 - INFO - logger - Press 'Q' to quit
2026-03-30 11:06:11,526 - DEBUG - logger - Fatigue: 0% | State: NORMAL | Alarm: INACTIVE
2026-03-30 11:06:16,550 - DEBUG - logger - Fatigue: 0% | State: NORMAL | Alarm: INACTIVE
2026-03-30 11:06:19,246 - WARNING - logger - Dangerous posture detected: CONDUCTEUR TROP DECENTRE
2026-03-30 11:06:19,356 - WARNING - logger - Dangerous posture detected: CONDUCTEUR TROP LOIN
2026-03-30 11:06:20,017 - WARNING - logger - Dangerous posture detected: CONDUCTEUR TROP DECENTRE
2026-03-30 11:06:20,319 - INFO - logger - State changed: NORMAL -> FATIGUE
2026-03-30 11:06:20,751 - INFO - logger - State changed: FATIGUE -> ALERT
2026-03-30 11:06:20,753 - INFO - logger - Persistent alarm activated
2026-03-30 11:06:21,581 - DEBUG - logger - Fatigue: 96% | State: ALERT | Alarm: ACTIVE
2026-03-30 11:06:22,922 - WARNING - logger - Dangerous posture detected: CONDUCTEUR TROP LOIN
2026-03-30 11:06:23,824 - WARNING - logger - Dangerous posture detected: CONDUCTEUR TROP DECENTRE
2026-03-30 11:06:26,584 - DEBUG - logger - Fatigue: 100% | State: ALERT | Alarm: ACTIVE
2026-03-30 11:06:29,816 - WARNING - logger - Dangerous posture detected: CONDUCTEUR TROP DECENTRE
2026-03-30 11:06:31,242 - WARNING - logger - Dangerous posture detected: CONDUCTEUR TROP LOIN
2026-03-30 11:06:31,546 - WARNING - logger - Dangerous posture detected: CONDUCTEUR TROP DECENTRE
2026-03-30 11:06:31,614 - DEBUG - logger - Fatigue: 100% | State: ALERT | Alarm: ACTIVE
2026-03-30 11:06:36,635 - DEBUG - logger - Fatigue: 100% | State: ALERT | Alarm: ACTIVE
2026-03-30 11:06:36,668 - WARNING - logger - Dangerous posture detected: CONDUCTEUR TROP LOIN
2026-03-30 11:06:39,994 - WARNING - logger - Dangerous posture detected: CONDUCTEUR TROP DECENTRE
2026-03-30 11:06:41,010 - WARNING - logger - Dangerous posture detected: CONDUCTEUR TROP LOIN
2026-03-30 11:06:41,677 - DEBUG - logger - Fatigue: 100% | State: ALERT | Alarm: ACTIVE
2026-03-30 11:06:46,701 - DEBUG - logger - Fatigue: 100% | State: ALERT | Alarm: ACTIVE
2026-03-30 11:06:48,879 - WARNING - logger - Dangerous posture detected: CONDUCTEUR TROP DECENTRE
2026-03-30 11:06:50,252 - WARNING - logger - Dangerous posture detected: CONDUCTEUR TROP LOIN
2026-03-30 11:06:51,262 - WARNING - logger - Dangerous posture detected: CONDUCTEUR TROP DECENTRE
2026-03-30 11:06:51,722 - DEBUG - logger - Fatigue: 100% | State: ALERT | Alarm: ACTIVE
2026-03-30 11:06:51,932 - WARNING - logger - Dangerous posture detected: CONDUCTEUR TROP LOIN
2026-03-30 11:06:53,711 - WARNING - logger - Dangerous posture detected: CONDUCTEUR TROP LOIN
2026-03-30 11:06:56,619 - WARNING - logger - Dangerous posture detected: CONDUCTEUR TROP DECENTRE
2026-03-30 11:06:56,749 - DEBUG - logger - Fatigue: 100% | State: ALERT | Alarm: ACTIVE
2026-03-30 11:06:58,156 - WARNING - logger - Dangerous posture detected: CONDUCTEUR TROP LOIN
2026-03-30 11:06:58,669 - WARNING - logger - Dangerous posture detected: CONDUCTEUR TROP DECENTRE
2026-03-30 11:06:59,847 - WARNING - logger - Dangerous posture detected: CONDUCTEUR TROP DECENTRE
2026-03-30 11:07:00,268 - WARNING - logger - Dangerous posture detected: CONDUCTEUR TROP LOIN
2026-03-30 11:07:01,755 - DEBUG - logger - Fatigue: 100% | State: ALERT | Alarm: ACTIVE
2026-03-30 11:07:06,777 - DEBUG - logger - Fatigue: 100% | State: ALERT | Alarm: ACTIVE
2026-03-30 11:07:10,769 - WARNING - logger - Dangerous posture detected: CONDUCTEUR TROP LOIN
2026-03-30 11:07:10,977 - WARNING - logger - Dangerous posture detected: CONDUCTEUR TROP LOIN
2026-03-30 11:07:11,047 - WARNING - logger - Dangerous posture detected: CONDUCTEUR TROP LOIN
2026-03-30 11:07:11,808 - DEBUG - logger - Fatigue: 100% | State: ALERT | Alarm: ACTIVE
2026-03-30 11:07:16,841 - DEBUG - logger - Fatigue: 53% | State: ALERT | Alarm: ACTIVE
2026-03-30 11:07:17,161 - INFO - logger - State changed: ALERT -> FATIGUE
2026-03-30 11:07:18,255 - INFO - logger - State changed: FATIGUE -> NORMAL
2026-03-30 11:07:19,723 - INFO - logger - Alarm stopped - Driver returned to normal state
2026-03-30 11:07:19,978 - INFO - logger - Persistent alarm deactivated
2026-03-30 11:07:21,869 - DEBUG - logger - Fatigue: 0% | State: NORMAL | Alarm: INACTIVE
2026-03-30 11:07:26,930 - DEBUG - logger - Fatigue: 0% | State: NORMAL | Alarm: INACTIVE
2026-03-30 11:07:30,438 - WARNING - logger - Dangerous posture detected: CONDUCTEUR HORS CADRE
2026-03-30 11:07:30,681 - INFO - logger - State changed: NORMAL -> FATIGUE
2026-03-30 11:07:31,013 - INFO - logger - State changed: FATIGUE -> ALERT
2026-03-30 11:07:31,014 - INFO - logger - Persistent alarm activated
2026-03-30 11:07:31,948 - DEBUG - logger - Fatigue: 100% | State: ALERT | Alarm: ACTIVE
2026-03-30 11:07:34,732 - INFO - logger - State changed: ALERT -> FATIGUE
2026-03-30 11:07:35,809 - INFO - logger - State changed: FATIGUE -> NORMAL
2026-03-30 11:07:36,955 - DEBUG - logger - Fatigue: 0% | State: NORMAL | Alarm: ACTIVE
2026-03-30 11:07:37,258 - INFO - logger - Alarm stopped - Driver returned to normal state
2026-03-30 11:07:37,361 - INFO - logger - Persistent alarm deactivated
2026-03-30 11:07:41,975 - DEBUG - logger - Fatigue: 0% | State: NORMAL | Alarm: INACTIVE
2026-03-30 11:07:42,185 - WARNING - logger - Dangerous posture detected: CONDUCTEUR HORS CADRE
2026-03-30 11:07:42,406 - INFO - logger - State changed: NORMAL -> FATIGUE
2026-03-30 11:07:42,742 - INFO - logger - State changed: FATIGUE -> ALERT
2026-03-30 11:07:42,743 - INFO - logger - Persistent alarm activated
2026-03-30 11:07:46,441 - INFO - logger - State changed: ALERT -> FATIGUE
2026-03-30 11:07:47,003 - DEBUG - logger - Fatigue: 31% | State: FATIGUE | Alarm: ACTIVE
2026-03-30 11:07:47,515 - INFO - logger - State changed: FATIGUE -> NORMAL
2026-03-30 11:07:48,985 - INFO - logger - Alarm stopped - Driver returned to normal state
2026-03-30 11:07:49,086 - INFO - logger - Persistent alarm deactivated
2026-03-30 11:07:52,039 - DEBUG - logger - Fatigue: 0% | State: NORMAL | Alarm: INACTIVE
2026-03-30 11:07:54,633 - WARNING - logger - Dangerous posture detected: CONDUCTEUR HORS CADRE
2026-03-30 11:07:54,871 - INFO - logger - State changed: NORMAL -> FATIGUE
2026-03-30 11:07:55,207 - INFO - logger - State changed: FATIGUE -> ALERT
2026-03-30 11:07:55,208 - INFO - logger - Persistent alarm activated
2026-03-30 11:07:57,082 - DEBUG - logger - Fatigue: 85% | State: ALERT | Alarm: ACTIVE
2026-03-30 11:07:58,748 - INFO - logger - State changed: ALERT -> FATIGUE
2026-03-30 11:07:59,279 - WARNING - logger - Dangerous posture detected: CONDUCTEUR TROP LOIN
2026-03-30 11:07:59,483 - INFO - logger - State changed: FATIGUE -> ALERT
2026-03-30 11:07:59,858 - WARNING - logger - Dangerous posture detected: CONDUCTEUR TROP LOIN
2026-03-30 11:08:02,106 - DEBUG - logger - Fatigue: 62% | State: ALERT | Alarm: ACTIVE
2026-03-30 11:08:02,814 - INFO - logger - State changed: ALERT -> FATIGUE
2026-03-30 11:08:03,882 - INFO - logger - State changed: FATIGUE -> NORMAL
2026-03-30 11:08:05,356 - INFO - logger - Alarm stopped - Driver returned to normal state
2026-03-30 11:08:05,626 - INFO - logger - Persistent alarm deactivated
2026-03-30 11:08:07,115 - DEBUG - logger - Fatigue: 0% | State: NORMAL | Alarm: INACTIVE
2026-03-30 11:08:09,842 - INFO - logger - Received interrupt signal
2026-03-30 11:08:09,856 - INFO - logger - Shutting down system...
2026-03-30 11:08:10,213 - INFO - logger - System shutdown complete
2026-03-30 12:25:30,534 - INFO - logger - Initializing system components...
2026-03-30 12:25:30,559 - INFO - logger - FaceDetector initialized successfully
2026-03-30 12:25:44,080 - INFO - logger - Camera initialized: 640x480
2026-03-30 12:25:44,081 - INFO - logger - System initialized successfully
2026-03-30 12:25:44,081 - INFO - logger - Starting main detection loop
2026-03-30 12:25:44,081 - INFO - logger - Press 'Q' to quit
2026-03-30 12:25:44,699 - DEBUG - logger - Fatigue: 0% | State: NORMAL | Alarm: INACTIVE
2026-03-30 12:25:47,706 - WARNING - logger - Dangerous posture detected: CONDUCTEUR TROP LOIN
2026-03-30 12:25:48,043 - INFO - logger - State changed: NORMAL -> FATIGUE
2026-03-30 12:25:48,283 - DEBUG - logger - Eyes closed confirmed - EAR: 0.155, Frames: 20
2026-03-30 12:25:48,283 - INFO - logger - State changed: FATIGUE -> ALERT
2026-03-30 12:25:48,284 - INFO - logger - Persistent alarm activated
2026-03-30 12:25:48,620 - DEBUG - logger - Eyes closed confirmed - EAR: 0.169, Frames: 30
2026-03-30 12:25:48,957 - DEBUG - logger - Eyes closed confirmed - EAR: 0.168, Frames: 40
2026-03-30 12:25:49,274 - DEBUG - logger - Eyes closed confirmed - EAR: 0.160, Frames: 50
2026-03-30 12:25:49,611 - DEBUG - logger - Eyes closed confirmed - EAR: 0.151, Frames: 60
2026-03-30 12:25:49,727 - DEBUG - logger - Fatigue: 100% | State: ALERT | Alarm: ACTIVE
2026-03-30 12:25:49,947 - DEBUG - logger - Eyes closed confirmed - EAR: 0.159, Frames: 70
2026-03-30 12:25:50,281 - DEBUG - logger - Eyes closed confirmed - EAR: 0.164, Frames: 80
2026-03-30 12:25:50,635 - DEBUG - logger - Eyes closed confirmed - EAR: 0.163, Frames: 90
2026-03-30 12:25:50,970 - DEBUG - logger - Eyes closed confirmed - EAR: 0.169, Frames: 100
2026-03-30 12:25:51,303 - DEBUG - logger - Eyes closed confirmed - EAR: 0.158, Frames: 110
2026-03-30 12:25:53,179 - DEBUG - logger - Eyes closed confirmed - EAR: 0.158, Frames: 50
2026-03-30 12:25:53,290 - DEBUG - logger - Eyes closed confirmed - EAR: 0.177, Frames: 50
2026-03-30 12:25:54,751 - DEBUG - logger - Fatigue: 100% | State: ALERT | Alarm: ACTIVE
2026-03-30 12:25:59,754 - DEBUG - logger - Fatigue: 90% | State: ALERT | Alarm: ACTIVE
2026-03-30 12:26:00,894 - WARNING - logger - Dangerous posture detected: CONDUCTEUR TROP LOIN
2026-03-30 12:26:02,095 - WARNING - logger - Dangerous posture detected: CONDUCTEUR TROP LOIN
2026-03-30 12:26:02,526 - WARNING - logger - Dangerous posture detected: CONDUCTEUR TROP DECENTRE
2026-03-30 12:26:03,728 - WARNING - logger - Dangerous posture detected: CONDUCTEUR TROP DECENTRE
2026-03-30 12:26:04,762 - DEBUG - logger - Fatigue: 100% | State: ALERT | Alarm: ACTIVE
2026-03-30 12:26:09,779 - DEBUG - logger - Fatigue: 100% | State: ALERT | Alarm: ACTIVE
2026-03-30 12:26:13,532 - INFO - logger - State changed: ALERT -> FATIGUE
2026-03-30 12:26:14,607 - INFO - logger - State changed: FATIGUE -> NORMAL
2026-03-30 12:26:14,795 - DEBUG - logger - Fatigue: 14% | State: NORMAL | Alarm: ACTIVE
2026-03-30 12:26:16,060 - INFO - logger - Alarm stopped - Driver returned to normal state
2026-03-30 12:26:16,318 - INFO - logger - Persistent alarm deactivated
2026-03-30 12:26:19,802 - DEBUG - logger - Fatigue: 0% | State: NORMAL | Alarm: INACTIVE
2026-03-30 12:26:24,810 - DEBUG - logger - Fatigue: 0% | State: NORMAL | Alarm: INACTIVE
2026-03-30 12:26:27,413 - WARNING - logger - Dangerous posture detected: CONDUCTEUR TROP DECENTRE
2026-03-30 12:26:27,706 - INFO - logger - State changed: NORMAL -> FATIGUE
2026-03-30 12:26:28,207 - INFO - logger - State changed: FATIGUE -> ALERT
2026-03-30 12:26:28,209 - INFO - logger - Persistent alarm activated
2026-03-30 12:26:28,415 - DEBUG - logger - Eyes closed confirmed - EAR: 0.162, Frames: 20
2026-03-30 12:26:28,747 - DEBUG - logger - Eyes closed confirmed - EAR: 0.168, Frames: 30
2026-03-30 12:26:29,090 - DEBUG - logger - Eyes closed confirmed - EAR: 0.189, Frames: 40
2026-03-30 12:26:29,245 - DEBUG - logger - Eyes closed confirmed - EAR: 0.216, Frames: 30
2026-03-30 12:26:29,401 - DEBUG - logger - Eyes closed confirmed - EAR: 0.215, Frames: 20
2026-03-30 12:26:29,611 - DEBUG - logger - Eyes closed confirmed - EAR: 0.183, Frames: 20
2026-03-30 12:26:29,708 - DEBUG - logger - Eyes closed confirmed - EAR: 0.196, Frames: 20
2026-03-30 12:26:29,832 - DEBUG - logger - Fatigue: 100% | State: ALERT | Alarm: ACTIVE
2026-03-30 12:26:30,108 - DEBUG - logger - Eyes closed confirmed - EAR: 0.183, Frames: 20
2026-03-30 12:26:30,541 - DEBUG - logger - Eyes closed confirmed - EAR: 0.176, Frames: 30
2026-03-30 12:26:31,052 - DEBUG - logger - Eyes closed confirmed - EAR: 0.166, Frames: 30
2026-03-30 12:26:31,371 - DEBUG - logger - Eyes closed confirmed - EAR: 0.151, Frames: 40
2026-03-30 12:26:34,856 - DEBUG - logger - Fatigue: 58% | State: ALERT | Alarm: ACTIVE
2026-03-30 12:26:35,384 - INFO - logger - State changed: ALERT -> FATIGUE
2026-03-30 12:26:36,431 - INFO - logger - State changed: FATIGUE -> NORMAL
2026-03-30 12:26:37,433 - WARNING - logger - Dangerous posture detected: CONDUCTEUR TROP LOIN
2026-03-30 12:26:37,893 - INFO - logger - Alarm stopped - Driver returned to normal state
2026-03-30 12:26:38,084 - INFO - logger - Persistent alarm deactivated
2026-03-30 12:26:39,879 - DEBUG - logger - Fatigue: 0% | State: NORMAL | Alarm: INACTIVE
2026-03-30 12:26:40,742 - WARNING - logger - Dangerous posture detected: CONDUCTEUR HORS CADRE
2026-03-30 12:26:40,982 - INFO - logger - State changed: NORMAL -> FATIGUE
2026-03-30 12:26:41,300 - INFO - logger - State changed: FATIGUE -> ALERT
2026-03-30 12:26:41,301 - INFO - logger - Persistent alarm activated
2026-03-30 12:26:42,481 - WARNING - logger - Dangerous posture detected: CONDUCTEUR TROP LOIN
2026-03-30 12:26:43,452 - DEBUG - logger - Eyes closed confirmed - EAR: 0.155, Frames: 20
2026-03-30 12:26:43,547 - DEBUG - logger - Eyes closed confirmed - EAR: 0.165, Frames: 20
2026-03-30 12:26:43,647 - DEBUG - logger - Eyes closed confirmed - EAR: 0.161, Frames: 20
2026-03-30 12:26:43,756 - DEBUG - logger - Eyes closed confirmed - EAR: 0.170, Frames: 20
2026-03-30 12:26:44,412 - WARNING - logger - Dangerous posture detected: VISAGE TOURNE A DROITE
2026-03-30 12:26:44,753 - WARNING - logger - Dangerous posture detected: CONDUCTEUR TROP LOIN
2026-03-30 12:26:44,797 - WARNING - logger - Dangerous posture detected: VISAGE TOURNE A DROITE
2026-03-30 12:26:44,898 - DEBUG - logger - Fatigue: 100% | State: ALERT | Alarm: ACTIVE
2026-03-30 12:26:45,728 - WARNING - logger - Dangerous posture detected: CONDUCTEUR TROP LOIN
2026-03-30 12:26:45,822 - WARNING - logger - Dangerous posture detected: VISAGE TOURNE A DROITE
2026-03-30 12:26:46,100 - WARNING - logger - Dangerous posture detected: VISAGE TOURNE A DROITE
2026-03-30 12:26:46,223 - WARNING - logger - Dangerous posture detected: CONDUCTEUR TROP LOIN
2026-03-30 12:26:48,686 - INFO - logger - State changed: ALERT -> FATIGUE
2026-03-30 12:26:49,760 - INFO - logger - State changed: FATIGUE -> NORMAL
2026-03-30 12:26:49,917 - DEBUG - logger - Fatigue: 15% | State: NORMAL | Alarm: ACTIVE
2026-03-30 12:26:51,226 - INFO - logger - Alarm stopped - Driver returned to normal state
2026-03-30 12:26:51,575 - INFO - logger - Persistent alarm deactivated
2026-03-30 12:26:54,931 - DEBUG - logger - Fatigue: 0% | State: NORMAL | Alarm: INACTIVE
2026-03-30 12:26:59,937 - DEBUG - logger - Fatigue: 0% | State: NORMAL | Alarm: INACTIVE
2026-03-30 12:27:01,296 - INFO - logger - State changed: NORMAL -> FATIGUE
2026-03-30 12:27:01,401 - DEBUG - logger - Eyes closed confirmed - EAR: 0.150, Frames: 20
2026-03-30 12:27:01,577 - INFO - logger - State changed: FATIGUE -> ALERT
2026-03-30 12:27:01,590 - INFO - logger - Persistent alarm activated
2026-03-30 12:27:01,709 - DEBUG - logger - Eyes closed confirmed - EAR: 0.150, Frames: 30
2026-03-30 12:27:02,002 - DEBUG - logger - Eyes closed confirmed - EAR: 0.150, Frames: 40
2026-03-30 12:27:02,335 - DEBUG - logger - Eyes closed confirmed - EAR: 0.150, Frames: 50
2026-03-30 12:27:02,672 - DEBUG - logger - Eyes closed confirmed - EAR: 0.172, Frames: 60
2026-03-30 12:27:02,867 - DEBUG - logger - Eyes closed confirmed - EAR: 0.224, Frames: 50
2026-03-30 12:27:03,020 - DEBUG - logger - Eyes closed confirmed - EAR: 0.244, Frames: 40
2026-03-30 12:27:03,163 - DEBUG - logger - Eyes closed confirmed - EAR: 0.258, Frames: 30
2026-03-30 12:27:03,359 - DEBUG - logger - Eyes closed confirmed - EAR: 0.261, Frames: 20
2026-03-30 12:27:04,939 - DEBUG - logger - Fatigue: 79% | State: ALERT | Alarm: ACTIVE
2026-03-30 12:27:06,326 - INFO - logger - State changed: ALERT -> FATIGUE
2026-03-30 12:27:07,402 - INFO - logger - State changed: FATIGUE -> NORMAL
2026-03-30 12:27:07,801 - WARNING - logger - Dangerous posture detected: CONDUCTEUR HORS CADRE
2026-03-30 12:27:07,903 - INFO - logger - State changed: NORMAL -> FATIGUE
2026-03-30 12:27:08,227 - INFO - logger - State changed: FATIGUE -> ALERT
2026-03-30 12:27:09,958 - DEBUG - logger - Fatigue: 73% | State: ALERT | Alarm: ACTIVE
2026-03-30 12:27:11,161 - INFO - logger - State changed: ALERT -> FATIGUE
2026-03-30 12:27:12,472 - DEBUG - logger - Eyes closed confirmed - EAR: 0.154, Frames: 20
2026-03-30 12:27:12,473 - INFO - logger - State changed: FATIGUE -> ALERT
2026-03-30 12:27:12,799 - DEBUG - logger - Eyes closed confirmed - EAR: 0.156, Frames: 30
2026-03-30 12:27:13,131 - DEBUG - logger - Eyes closed confirmed - EAR: 0.198, Frames: 40
2026-03-30 12:27:13,526 - DEBUG - logger - Eyes closed confirmed - EAR: 0.175, Frames: 40
2026-03-30 12:27:13,862 - DEBUG - logger - Eyes closed confirmed - EAR: 0.174, Frames: 50
2026-03-30 12:27:14,197 - DEBUG - logger - Eyes closed confirmed - EAR: 0.173, Frames: 60
2026-03-30 12:27:14,975 - DEBUG - logger - Fatigue: 100% | State: ALERT | Alarm: ACTIVE
2026-03-30 12:27:18,233 - INFO - logger - State changed: ALERT -> FATIGUE
2026-03-30 12:27:19,304 - INFO - logger - State changed: FATIGUE -> NORMAL
2026-03-30 12:27:20,005 - DEBUG - logger - Fatigue: 2% | State: NORMAL | Alarm: ACTIVE
2026-03-30 12:27:20,785 - INFO - logger - Alarm stopped - Driver returned to normal state
2026-03-30 12:27:21,186 - INFO - logger - Persistent alarm deactivated
2026-03-30 12:27:25,050 - DEBUG - logger - Fatigue: 0% | State: NORMAL | Alarm: INACTIVE
2026-03-30 12:27:26,795 - INFO - logger - Received interrupt signal
2026-03-30 12:27:26,803 - INFO - logger - Shutting down system...
2026-03-30 12:27:27,164 - INFO - logger - System shutdown complete
